<?xml version="1.0" encoding="UTF-8"?>
<testsuite xmlns:xsi="http://www.w3.org/2001/XMLSchema-instance" xsi:noNamespaceSchemaLocation="https://maven.apache.org/surefire/maven-surefire-plugin/xsd/surefire-test-report-3.0.xsd" version="3.0" name="TestSuite" time="5.593" tests="2" errors="0" skipped="0" failures="1">
  <properties>
[...]
</properties>
  <testcase name="runScenario[&quot;Create a new user&quot;, &quot;User API tests&quot;](1)" classname="com.example.api.runners.TestNGRunner" time="2.866">
    <system-out><![CDATA[
@smoke
Scenario: Create a new user                                        # src/test/resources/features/user.feature:4
  Given the API is available                                       # com.example.api.steps.UserSteps.theAPIIsAvailable()
  And I load the input file "createUser.json"                      # com.example.api.steps.UserSteps.iLoadTheInputFile(java.lang.String)
Request method:	POST
Request URI:	https://reqres.in/api/users
Proxy:			<none>
Request params:	<none>
Query params:	<none>
Form params:	<none>
Path params:	<none>
Headers:		x-api-key=reqres_297a9f22665746269470524208b2ee0d
				Accept=*/*
				Content-Type=application/json
Cookies:		<none>
Multiparts:		<none>
Body:
{
    "name": "John Doe1",
    "job": "Developer"
}
  When I send "POST" request to "/users"                           # com.example.api.steps.UserSteps.iSendRequestTo(java.lang.String,java.lang.String)
HTTP/1.1 201 Created
Date: Thu, 11 Dec 2025 10:54:25 GMT
Content-Type: application/json; charset=utf-8
Content-Length: 88
Connection: keep-alive
Access-Control-Allow-Credentials: true
Access-Control-Allow-Headers: Origin, X-Requested-With, Content-Type, Accept, Authorization, x-api-key
Access-Control-Allow-Methods: GET, POST, PUT, DELETE, OPTIONS
Access-Control-Allow-Origin: http://localhost:5173
Etag: W/"58-5Bs6khQSM7ceRRi4OYMb4N7J2rM"
Nel: {"report_to":"heroku-nel","response_headers":["Via"],"max_age":3600,"success_fraction":0.01,"failure_fraction":0.1}
Referrer-Policy: strict-origin-when-cross-origin
Report-To: {"group":"heroku-nel","endpoints":[{"url":"https://nel.heroku.com/reports?s=OCFXxNvWrNl7cdZE9td8ANLWtcs%2Fj%2F8dIH51D6Gj0GI%3D\u0026sid=c4c9725f-1ab0-44d8-820f-430df2718e11\u0026ts=1765450465"}],"max_age":3600}
Reporting-Endpoints: heroku-nel="https://nel.heroku.com/reports?s=OCFXxNvWrNl7cdZE9td8ANLWtcs%2Fj%2F8dIH51D6Gj0GI%3D&sid=c4c9725f-1ab0-44d8-820f-430df2718e11&ts=1765450465"
Server: cloudflare
Vary: Origin
Via: 1.1 heroku-router
X-Content-Type-Options: nosniff
X-Frame-Options: DENY
X-Ratelimit-Limit: 100
X-Ratelimit-Remaining: 99
X-Ratelimit-Reset: 1765450526
X-Request-Id: 22f43189-98c4-c63b-cc82-8c84041fc84d
X-Xss-Protection: 1; mode=block
cf-cache-status: DYNAMIC
CF-RAY: 9ac4719d5d2847b8-BOM

{
    "name": "John Doe1",
    "job": "Developer",
    "id": "281",
    "createdAt": "2025-12-11T10:54:25.138Z"
}
  Then the response status should be 201                           # com.example.api.steps.UserSteps.theResponseStatusShouldBe(int)
  Then the response should match "createUser.json" ignoring fields # com.example.api.steps.UserSteps.theResponseShouldMatchIgnoringFields(java.lang.String,io.cucumber.datatable.DataTable)
    | id        |
    | createdAt |
]]></system-out>
    <system-err><![CDATA[SLF4J: Failed to load class "org.slf4j.impl.StaticLoggerBinder".
SLF4J: Defaulting to no-operation (NOP) logger implementation
SLF4J: See http://www.slf4j.org/codes.html#StaticLoggerBinder for further details.
]]></system-err>
  </testcase>
  <testcase name="runScenario[&quot;Create a new user&quot;, &quot;User API tests&quot;](2)" classname="com.example.api.runners.TestNGRunner" time="0.625">
    <failure message="Step [the response should match {string} ignoring fields] is defined with 2 parameters at &apos;com.example.api.steps.UserSteps.theResponseShouldMatchIgnoringFields(java.lang.String,io.cucumber.datatable.DataTable)&apos;.&#10;However, the gherkin step has 1 arguments:&#10; * &quot;createUser1.json&quot;&#10;Step text: the response should match &quot;createUser1.json&quot; ignoring fields" type="io.cucumber.core.exception.CucumberException"><![CDATA[io.cucumber.core.exception.CucumberException: 
Step [the response should match {string} ignoring fields] is defined with 2 parameters at 'com.example.api.steps.UserSteps.theResponseShouldMatchIgnoringFields(java.lang.String,io.cucumber.datatable.DataTable)'.
However, the gherkin step has 1 arguments:
 * "createUser1.json"
Step text: the response should match "createUser1.json" ignoring fields
	at io.cucumber.core.runner.PickleStepDefinitionMatch.arityMismatch(PickleStepDefinitionMatch.java:83)
	at io.cucumber.core.runner.PickleStepDefinitionMatch.runStep(PickleStepDefinitionMatch.java:42)
	at io.cucumber.core.runner.ExecutionMode$1.execute(ExecutionMode.java:10)
	at io.cucumber.core.runner.TestStep.executeStep(TestStep.java:84)
	at io.cucumber.core.runner.TestStep.run(TestStep.java:56)
	at io.cucumber.core.runner.PickleStepTestStep.run(PickleStepTestStep.java:51)
	at io.cucumber.core.runner.TestCase.run(TestCase.java:84)
	at io.cucumber.core.runner.Runner.runPickle(Runner.java:75)
	at io.cucumber.testng.TestNGCucumberRunner.lambda$runScenario$1(TestNGCucumberRunner.java:132)
	at io.cucumber.core.runtime.CucumberExecutionContext.lambda$runTestCase$5(CucumberExecutionContext.java:137)
	at io.cucumber.core.runtime.RethrowingThrowableCollector.executeAndThrow(RethrowingThrowableCollector.java:23)
	at io.cucumber.core.runtime.CucumberExecutionContext.runTestCase(CucumberExecutionContext.java:137)
	at io.cucumber.testng.TestNGCucumberRunner.runScenario(TestNGCucumberRunner.java:129)
	at io.cucumber.testng.AbstractTestNGCucumberTests.runScenario(AbstractTestNGCucumberTests.java:35)
	at java.base/jdk.internal.reflect.NativeMethodAccessorImpl.invoke0(Native Method)
	at java.base/jdk.internal.reflect.NativeMethodAccessorImpl.invoke(NativeMethodAccessorImpl.java:77)
	at java.base/jdk.internal.reflect.DelegatingMethodAccessorImpl.invoke(DelegatingMethodAccessorImpl.java:43)
	at java.base/java.lang.reflect.Method.invoke(Method.java:569)
	at org.testng.internal.invokers.MethodInvocationHelper.invokeMethod(MethodInvocationHelper.java:141)
	at org.testng.internal.invokers.TestInvoker.invokeMethod(TestInvoker.java:686)
	at org.testng.internal.invokers.TestInvoker.invokeTestMethod(TestInvoker.java:230)
	at org.testng.internal.invokers.MethodRunner.runInSequence(MethodRunner.java:63)
	at org.testng.internal.invokers.TestInvoker$MethodInvocationAgent.invoke(TestInvoker.java:992)
	at org.testng.internal.invokers.TestInvoker.invokeTestMethods(TestInvoker.java:203)
	at org.testng.internal.invokers.TestMethodWorker.invokeTestMethods(TestMethodWorker.java:154)
	at org.testng.internal.invokers.TestMethodWorker.run(TestMethodWorker.java:134)
	at java.base/java.util.ArrayList.forEach(ArrayList.java:1511)
	at org.testng.TestRunner.privateRun(TestRunner.java:739)
	at org.testng.TestRunner.run(TestRunner.java:614)
	at org.testng.SuiteRunner.runTest(SuiteRunner.java:421)
	at org.testng.SuiteRunner$SuiteWorker.run(SuiteRunner.java:463)
	at org.testng.internal.thread.ThreadUtil.lambda$execute$0(ThreadUtil.java:64)
	at java.base/java.util.concurrent.FutureTask.run(FutureTask.java:264)
	at java.base/java.util.concurrent.ThreadPoolExecutor.runWorker(ThreadPoolExecutor.java:1136)
	at java.base/java.util.concurrent.ThreadPoolExecutor$Worker.run(ThreadPoolExecutor.java:635)
	at java.base/java.lang.Thread.run(Thread.java:840)
]]></failure>
    <system-out><![CDATA[
@smoke
Scenario: Create a new user                                         # src/test/resources/features/user.feature:13
  Given the API is available                                        # com.example.api.steps.UserSteps.theAPIIsAvailable()
  And I load the input file "createUser1.json"                      # com.example.api.steps.UserSteps.iLoadTheInputFile(java.lang.String)
Request method:	POST
Request URI:	https://reqres.in/api/users
Proxy:			<none>
Request params:	<none>
Query params:	<none>
Form params:	<none>
Path params:	<none>
Headers:		x-api-key=reqres_297a9f22665746269470524208b2ee0d
				Accept=*/*
				Content-Type=application/json
Cookies:		<none>
Multiparts:		<none>
Body:
{
    "name": "John Doe2",
    "job": "Developer"
}
  When I send "POST" request to "/users"                            # com.example.api.steps.UserSteps.iSendRequestTo(java.lang.String,java.lang.String)
HTTP/1.1 201 Created
Date: Thu, 11 Dec 2025 10:54:25 GMT
Content-Type: application/json; charset=utf-8
Content-Length: 88
Connection: keep-alive
Access-Control-Allow-Credentials: true
Access-Control-Allow-Headers: Origin, X-Requested-With, Content-Type, Accept, Authorization, x-api-key
Access-Control-Allow-Methods: GET, POST, PUT, DELETE, OPTIONS
Access-Control-Allow-Origin: http://localhost:5173
Etag: W/"58-6L7XU9zwmUeHjRUs6zpiDT+secY"
Nel: {"report_to":"heroku-nel","response_headers":["Via"],"max_age":3600,"success_fraction":0.01,"failure_fraction":0.1}
Referrer-Policy: strict-origin-when-cross-origin
Report-To: {"group":"heroku-nel","endpoints":[{"url":"https://nel.heroku.com/reports?s=OCFXxNvWrNl7cdZE9td8ANLWtcs%2Fj%2F8dIH51D6Gj0GI%3D\u0026sid=c4c9725f-1ab0-44d8-820f-430df2718e11\u0026ts=1765450465"}],"max_age":3600}
Reporting-Endpoints: heroku-nel="https://nel.heroku.com/reports?s=OCFXxNvWrNl7cdZE9td8ANLWtcs%2Fj%2F8dIH51D6Gj0GI%3D&sid=c4c9725f-1ab0-44d8-820f-430df2718e11&ts=1765450465"
Server: cloudflare
Vary: Origin
Via: 1.1 heroku-router
X-Content-Type-Options: nosniff
X-Frame-Options: DENY
X-Ratelimit-Limit: 100
X-Ratelimit-Remaining: 98
X-Ratelimit-Reset: 1765450526
X-Request-Id: 82ca4e6b-d303-e30f-592d-1faf254c9cc3
X-Xss-Protection: 1; mode=block
cf-cache-status: DYNAMIC
CF-RAY: 9ac471a27ed1ff72-BOM

{
    "name": "John Doe2",
    "job": "Developer",
    "id": "232",
    "createdAt": "2025-12-11T10:54:25.917Z"
}
  Then the response status should be 201                            # com.example.api.steps.UserSteps.theResponseStatusShouldBe(int)
  Then the response should match "createUser1.json" ignoring fields # com.example.api.steps.UserSteps.theResponseShouldMatchIgnoringFields(java.lang.String,io.cucumber.datatable.DataTable)
      io.cucumber.core.exception.CucumberException: Step [the response should match {string} ignoring fields] is defined with 2 parameters at 'com.example.api.steps.UserSteps.theResponseShouldMatchIgnoringFields(java.lang.String,io.cucumber.datatable.DataTable)'.
However, the gherkin step has 1 arguments:
 * "createUser1.json"
Step text: the response should match "createUser1.json" ignoring fields
	at io.cucumber.core.runner.PickleStepDefinitionMatch.arityMismatch(PickleStepDefinitionMatch.java:83)
	at io.cucumber.core.runner.PickleStepDefinitionMatch.runStep(PickleStepDefinitionMatch.java:42)
	at io.cucumber.core.runner.ExecutionMode$1.execute(ExecutionMode.java:10)
	at io.cucumber.core.runner.TestStep.executeStep(TestStep.java:84)
	at io.cucumber.core.runner.TestStep.run(TestStep.java:56)
	at io.cucumber.core.runner.PickleStepTestStep.run(PickleStepTestStep.java:51)
	at io.cucumber.core.runner.TestCase.run(TestCase.java:84)
	at io.cucumber.core.runner.Runner.runPickle(Runner.java:75)
	at io.cucumber.testng.TestNGCucumberRunner.lambda$runScenario$1(TestNGCucumberRunner.java:132)
	at io.cucumber.core.runtime.CucumberExecutionContext.lambda$runTestCase$5(CucumberExecutionContext.java:137)
	at io.cucumber.core.runtime.RethrowingThrowableCollector.executeAndThrow(RethrowingThrowableCollector.java:23)
	at io.cucumber.core.runtime.CucumberExecutionContext.runTestCase(CucumberExecutionContext.java:137)
	at io.cucumber.testng.TestNGCucumberRunner.runScenario(TestNGCucumberRunner.java:129)
	at io.cucumber.testng.AbstractTestNGCucumberTests.runScenario(AbstractTestNGCucumberTests.java:35)
	at java.base/jdk.internal.reflect.NativeMethodAccessorImpl.invoke0(Native Method)
	at java.base/jdk.internal.reflect.NativeMethodAccessorImpl.invoke(NativeMethodAccessorImpl.java:77)
	at java.base/jdk.internal.reflect.DelegatingMethodAccessorImpl.invoke(DelegatingMethodAccessorImpl.java:43)
	at java.base/java.lang.reflect.Method.invoke(Method.java:569)
	at org.testng.internal.invokers.MethodInvocationHelper.invokeMethod(MethodInvocationHelper.java:141)
	at org.testng.internal.invokers.TestInvoker.invokeMethod(TestInvoker.java:686)
	at org.testng.internal.invokers.TestInvoker.invokeTestMethod(TestInvoker.java:230)
	at org.testng.internal.invokers.MethodRunner.runInSequence(MethodRunner.java:63)
	at org.testng.internal.invokers.TestInvoker$MethodInvocationAgent.invoke(TestInvoker.java:992)
	at org.testng.internal.invokers.TestInvoker.invokeTestMethods(TestInvoker.java:203)
	at org.testng.internal.invokers.TestMethodWorker.invokeTestMethods(TestMethodWorker.java:154)
	at org.testng.internal.invokers.TestMethodWorker.run(TestMethodWorker.java:134)
	at java.base/java.util.ArrayList.forEach(ArrayList.java:1511)
	at org.testng.TestRunner.privateRun(TestRunner.java:739)
	at org.testng.TestRunner.run(TestRunner.java:614)
	at org.testng.SuiteRunner.runTest(SuiteRunner.java:421)
	at org.testng.SuiteRunner$SuiteWorker.run(SuiteRunner.java:463)
	at org.testng.internal.thread.ThreadUtil.lambda$execute$0(ThreadUtil.java:64)
	at java.base/java.util.concurrent.FutureTask.run(FutureTask.java:264)
	at java.base/java.util.concurrent.ThreadPoolExecutor.runWorker(ThreadPoolExecutor.java:1136)
	at java.base/java.util.concurrent.ThreadPoolExecutor$Worker.run(ThreadPoolExecutor.java:635)
	at java.base/java.lang.Thread.run(Thread.java:840)

]]></system-out>
  </testcase>
</testsuite>